<?xml version="1.0" encoding="UTF-8"?>
<testsuite xmlns:xsi="http://www.w3.org/2001/XMLSchema-instance" xsi:noNamespaceSchemaLocation="https://maven.apache.org/surefire/maven-surefire-plugin/xsd/surefire-test-report.xsd" version="3.0.2" name="br.dev.edersonabreu.poc.PocSecurityWithGoogleApplicationTests" time="5.849" tests="1" errors="0" skipped="0" failures="0">
  <properties>
[...]
</properties>
  <testcase name="contextLoads" classname="br.dev.edersonabreu.poc.PocSecurityWithGoogleApplicationTests" time="0.869">
    <system-out><![CDATA[16:33:41.952 [main] INFO org.springframework.test.context.support.AnnotationConfigContextLoaderUtils -- Could not detect default configuration classes for test class [br.dev.edersonabreu.poc.PocSecurityWithGoogleApplicationTests]: PocSecurityWithGoogleApplicationTests does not declare any static, non-private, non-final, nested classes annotated with @Configuration.
16:33:42.088 [main] INFO org.springframework.boot.test.context.SpringBootTestContextBootstrapper -- Found @SpringBootConfiguration br.dev.edersonabreu.poc.PocSecurityWithGoogleApplication for test class br.dev.edersonabreu.poc.PocSecurityWithGoogleApplicationTests
16:33:42.368 [main] INFO org.springframework.boot.devtools.restart.RestartApplicationListener -- Restart disabled due to context in which it is running

  .   ____          _            __ _ _
 /\\ / ___'_ __ _ _(_)_ __  __ _ \ \ \ \
( ( )\___ | '_ | '_| | '_ \/ _` | \ \ \ \
 \\/  ___)| |_)| | | | | || (_| |  ) ) ) )
  '  |____| .__|_| |_|_| |_\__, | / / / /
 =========|_|==============|___/=/_/_/_/

 :: Spring Boot ::                (v3.5.8)

2025-12-13T16:33:42.790-03:00  INFO 9208 --- [poc-security-with-google] [           main] .p.PocSecurityWithGoogleApplicationTests : Starting PocSecurityWithGoogleApplicationTests using Java 21.0.9 with PID 9208 (started by ederson in C:\Users\ederson\Dev\Git\spring-security-with-google-login)
2025-12-13T16:33:42.792-03:00  INFO 9208 --- [poc-security-with-google] [           main] .p.PocSecurityWithGoogleApplicationTests : No active profile set, falling back to 1 default profile: "default"
2025-12-13T16:33:45.690-03:00  INFO 9208 --- [poc-security-with-google] [           main] r$InitializeUserDetailsManagerConfigurer : Global AuthenticationManager configured with UserDetailsService bean with name usuarioService
2025-12-13T16:33:46.302-03:00  INFO 9208 --- [poc-security-with-google] [           main] com.zaxxer.hikari.HikariDataSource       : HikariPool-1 - Starting...
2025-12-13T16:33:46.521-03:00  INFO 9208 --- [poc-security-with-google] [           main] com.zaxxer.hikari.pool.HikariPool        : HikariPool-1 - Added connection conn0: url=jdbc:h2:mem:pocsecuritywithgoogle user=ADMIN
2025-12-13T16:33:46.524-03:00  INFO 9208 --- [poc-security-with-google] [           main] com.zaxxer.hikari.HikariDataSource       : HikariPool-1 - Start completed.
2025-12-13T16:33:46.534-03:00  INFO 9208 --- [poc-security-with-google] [           main] o.s.b.a.h2.H2ConsoleAutoConfiguration    : H2 console available at '/h2-console'. Database available at 'jdbc:h2:mem:pocsecuritywithgoogle'
2025-12-13T16:33:46.745-03:00  INFO 9208 --- [poc-security-with-google] [           main] .p.PocSecurityWithGoogleApplicationTests : Started PocSecurityWithGoogleApplicationTests in 4.391 seconds (process running for 5.776)
]]></system-out>
    <system-err><![CDATA[Mockito is currently self-attaching to enable the inline-mock-maker. This will no longer work in future releases of the JDK. Please add Mockito as an agent to your build as described in Mockito's documentation: https://javadoc.io/doc/org.mockito/mockito-core/latest/org.mockito/org/mockito/Mockito.html#0.3
WARNING: A Java agent has been loaded dynamically (C:\Users\ederson\Dev\Maven\repository\net\bytebuddy\byte-buddy-agent\1.17.8\byte-buddy-agent-1.17.8.jar)
WARNING: If a serviceability tool is in use, please run with -XX:+EnableDynamicAgentLoading to hide this warning
WARNING: If a serviceability tool is not in use, please run with -Djdk.instrument.traceUsage for more information
WARNING: Dynamic loading of agents will be disallowed by default in a future release
]]></system-err>
  </testcase>
</testsuite>